-------------------------------------------------------------------------------
Test set: workshop.chris.security.bookstore.SecurityBookApplicationTests
-------------------------------------------------------------------------------
Tests run: 1, Failures: 0, Errors: 1, Skipped: 0, Time elapsed: 1.268 s <<< FAILURE! - in workshop.chris.security.bookstore.SecurityBookApplicationTests
contextLoads  Time elapsed: 0.003 s  <<< ERROR!
java.lang.IllegalStateException: Failed to load ApplicationContext
Caused by: org.springframework.beans.factory.UnsatisfiedDependencyException: Error creating bean with name 'applicationConfig' defined in file [/Users/christian/Documents/Projects/SecurityBookStore one list solution many to many/target/classes/workshop/chris/security/bookstore/config/ApplicationConfig.class]: Unsatisfied dependency expressed through constructor parameter 0; nested exception is org.springframework.beans.factory.BeanCreationException: Error creating bean with name 'userRepository' defined in workshop.chris.security.bookstore.repository.UserRepository defined in @EnableJpaRepositories declared on JpaRepositoriesRegistrar.EnableJpaRepositoriesConfiguration: Invocation of init method failed; nested exception is org.springframework.data.repository.query.QueryCreationException: Could not create query for public abstract java.util.List workshop.chris.security.bookstore.repository.UserRepository.findByBookListContaining(workshop.chris.security.bookstore.entity.Book); Reason: Validation failed for query for method public abstract java.util.List workshop.chris.security.bookstore.repository.UserRepository.findByBookListContaining(workshop.chris.security.bookstore.entity.Book)!; nested exception is java.lang.IllegalArgumentException: Validation failed for query for method public abstract java.util.List workshop.chris.security.bookstore.repository.UserRepository.findByBookListContaining(workshop.chris.security.bookstore.entity.Book)!
Caused by: org.springframework.beans.factory.BeanCreationException: Error creating bean with name 'userRepository' defined in workshop.chris.security.bookstore.repository.UserRepository defined in @EnableJpaRepositories declared on JpaRepositoriesRegistrar.EnableJpaRepositoriesConfiguration: Invocation of init method failed; nested exception is org.springframework.data.repository.query.QueryCreationException: Could not create query for public abstract java.util.List workshop.chris.security.bookstore.repository.UserRepository.findByBookListContaining(workshop.chris.security.bookstore.entity.Book); Reason: Validation failed for query for method public abstract java.util.List workshop.chris.security.bookstore.repository.UserRepository.findByBookListContaining(workshop.chris.security.bookstore.entity.Book)!; nested exception is java.lang.IllegalArgumentException: Validation failed for query for method public abstract java.util.List workshop.chris.security.bookstore.repository.UserRepository.findByBookListContaining(workshop.chris.security.bookstore.entity.Book)!
Caused by: org.springframework.data.repository.query.QueryCreationException: Could not create query for public abstract java.util.List workshop.chris.security.bookstore.repository.UserRepository.findByBookListContaining(workshop.chris.security.bookstore.entity.Book); Reason: Validation failed for query for method public abstract java.util.List workshop.chris.security.bookstore.repository.UserRepository.findByBookListContaining(workshop.chris.security.bookstore.entity.Book)!; nested exception is java.lang.IllegalArgumentException: Validation failed for query for method public abstract java.util.List workshop.chris.security.bookstore.repository.UserRepository.findByBookListContaining(workshop.chris.security.bookstore.entity.Book)!
Caused by: java.lang.IllegalArgumentException: Validation failed for query for method public abstract java.util.List workshop.chris.security.bookstore.repository.UserRepository.findByBookListContaining(workshop.chris.security.bookstore.entity.Book)!
Caused by: java.lang.IllegalArgumentException: org.hibernate.QueryException: could not resolve property: book of: workshop.chris.security.bookstore.entity.Book [SELECT u FROM workshop.chris.security.bookstore.entity.User u JOIN u.bookList b WHERE b.book = :book]
Caused by: org.hibernate.QueryException: could not resolve property: book of: workshop.chris.security.bookstore.entity.Book [SELECT u FROM workshop.chris.security.bookstore.entity.User u JOIN u.bookList b WHERE b.book = :book]
Caused by: org.hibernate.QueryException: could not resolve property: book of: workshop.chris.security.bookstore.entity.Book

